TA  034A  LHZ  27.0646992  -98.6832962	 CMG3T/Quanterra 330 Linear Phase Composite
TA  933A  LHZ  27.6133003  -99.2745972	 CMG3T/Quanterra 330 Linear Phase Composite
TA  833A  LHZ  28.3236008  -99.3938980	
TA  733A  LHZ  28.7192001  -99.2938995	 STS-2 G3/Quanterra 330 Linear Phase Co
TA  633A  LHZ  29.4591007  -99.1765976	 Trillium 240 Sec Response sn 400 and a
TA  632A  LHZ  29.5070992  -99.7863007	 STS-2 G3/Quanterra 330 Linear Phase Co
TA  533A  LHZ  30.0718002  -99.0351028	 Trillium 240 Sec Response sn 0-399/Qua
TA  532A  LHZ  30.1278000  -99.9048996	 Trillium 240 Sec Response sn 0-399/Qua
TA  433A  LHZ  30.7544003  -99.0910034	 STS-2 G3/Quanterra 330 Linear Phase Co
TA  432A  LHZ  30.8754997  -99.7937012	 Trillium 240 Sec Response sn 0-399/Qua
TA  332A  LHZ  31.3829002  -99.7423019	 Trillium 240 Sec Response sn 0-399/Qua
TA  232A  LHZ  31.8880005  -99.6468964	 Trillium 240 Sec Response sn 400 and a
TA  231A  LHZ  31.9353008 -100.3162994	 STS-2 G3/Quanterra 330 Linear Phase Co
TA  ABTX  LHZ  32.6237984  -99.6430969	 STS-2 G3/Quanterra 330 Linear Phase Co
TA  131A  LHZ  32.6736984 -100.3888016	 CMG3T/Quanterra 330 Linear Phase Composite
TA  Z32A  LHZ  33.3065987  -99.4783020	
TA  Z31A  LHZ  33.3182983 -100.1435013	 CMG3T/Quanterra 330 Linear Phase Composite
TA  Y31A  LHZ  33.9628983 -100.2614975	 CMG3T/Quanterra 330 Linear Phase Composite
TA  X31A  LHZ  34.6309013  -99.9793015	 CMG3T/Quanterra 330 Linear Phase Composite
TA  W30A  LHZ  35.1818008 -100.5770035	 Trillium 240 Sec Response sn 0-399/Qua
TA  W31A  LHZ  35.1864014  -99.9434967	 CMG3T/Quanterra 330 Linear Phase Composite
TA  V30A  LHZ  35.7622986 -100.6892014	 CMG3T/Quanterra 330 Linear Phase Composite
TA  V31A  LHZ  35.7738991  -99.8424988	 CMG3T/Quanterra 330 Linear Phase Composite
TA  U30A  LHZ  36.5303993 -100.6509018	 Trillium 240 Sec Response sn 0-399/Qua
TA  T30A  LHZ  37.0526009 -100.5273972	
TA  S29A  LHZ  37.6198997 -101.1179962	 STS-2 G3/Quanterra 330 Linear Phase Co
TA  S30A  LHZ  37.6402016 -100.4639969	 STS-2 G3/Quanterra 330 Linear Phase Co
TA  R30A  LHZ  38.2844009 -100.2769012	 Trillium 240 Sec Response sn 0-399/Qua
TA  R29A  LHZ  38.4243011 -101.1382980	 Trillium 240 Sec Response sn 400 and a
TA  Q29A  LHZ  38.8904991 -100.9786987	 STS-2 G3/Quanterra 330 Linear Phase Co
TA  P29A  LHZ  39.6021004 -100.9316025	 STS-2 G3/Quanterra 330 Linear Phase Co
TA  O29A  LHZ  40.1253014 -100.7976990	 Trillium 240 Sec Response sn 0-399/Qua
TA  N28A  LHZ  40.6873016 -101.5406036	 Trillium 240 Sec Response sn 0-399/Qua
TA  M28A  LHZ  41.3955994 -101.3714981	 CMG3T/Quanterra 330 Linear Phase Composite
TA  L28A  LHZ  42.0073013 -101.5195999	 Trillium 240 Sec Response sn 0-399/Qua
TA  K27A  LHZ  42.7036018 -102.2363968	 STS-2 G3/Quanterra 330 Linear Phase Co
TA  K28A  LHZ  42.7136002 -101.3665009	 STS-2 G3/Quanterra 330 Linear Phase Co
TA  J27A  LHZ  43.2526016 -102.0068970	 Trillium 240 Sec Response sn 400 and a
TA  J28A  LHZ  43.4239006 -101.2359009	 STS-2 G3/Quanterra 330 Linear Phase Co
TA  I27A  LHZ  44.0690002 -102.0524979	 STS-2 G3/Quanterra 330 Linear Phase Co
TA  H27A  LHZ  44.6329002 -102.0774994	 Trillium 240 Sec Response sn 400 and a
TA  G26A  LHZ  45.2937012 -102.5989990	 Trillium 240 Sec Response sn 400 and a
TA  G27A  LHZ  45.3791008 -101.9309998	 STS-2 G3/Quanterra 330 Linear Phase Co
TA  F26A  LHZ  45.8512001 -102.6697006	 STS-2 G3/Quanterra 330 Linear Phase Co
TA  F27A  LHZ  45.8726997 -102.0203018	 Trillium 240 Sec Response sn 400 and a
TA  E26A  LHZ  46.4711990 -102.4620972	 STS-2 G3/Quanterra 330 Linear Phase Co
TA  D26A  LHZ  47.0301018 -102.4356995	 Trillium 240 Sec Response sn 400 and a
TA  C25A  LHZ  47.7123985 -103.2557983	 STS-2 G3/Quanterra 330 Linear Phase Co
TA  C26A  LHZ  47.8259010 -102.0957031	 Trillium 240 Sec Response sn 0-399/Qua
TA  B25A  LHZ  48.2715988 -103.1613007	 CMG3T/Quanterra 330 Linear Phase Composite
TA  B26A  LHZ  48.3762016 -102.2341003	 CMG3T/Quanterra 330 Linear Phase Composite
TA  A25A  LHZ  48.9388008 -103.1128006	 STS-2 G3/Quanterra 330 Linear Phase Co
